{"name": "test_login_page_success", "status": "broken", "statusDetails": {"message": "selenium.common.exceptions.TimeoutException: Message: \nStacktrace:\n0   chromedriver                        0x0000000103183570 cxxbridge1$str$ptr + 2731064\n1   chromedriver                        0x000000010317b468 cxxbridge1$str$ptr + 2698032\n2   chromedriver                        0x0000000102cca3f8 cxxbridge1$string$len + 90664\n3   chromedriver                        0x0000000102d1171c cxxbridge1$string$len + 382284\n4   chromedriver                        0x0000000102d52b1c cxxbridge1$string$len + 649548\n5   chromedriver                        0x0000000102d05a0c cxxbridge1$string$len + 333884\n6   chromedriver                        0x00000001031465f4 cxxbridge1$str$ptr + 2481340\n7   chromedriver                        0x000000010314985c cxxbridge1$str$ptr + 2494244\n8   chromedriver                        0x0000000103127248 cxxbridge1$str$ptr + 2353424\n9   chromedriver                        0x000000010314a118 cxxbridge1$str$ptr + 2496480\n10  chromedriver                        0x00000001031182f8 cxxbridge1$str$ptr + 2292160\n11  chromedriver                        0x000000010316a00c cxxbridge1$str$ptr + 2627284\n12  chromedriver                        0x000000010316a198 cxxbridge1$str$ptr + 2627680\n13  chromedriver                        0x000000010317b0a4 cxxbridge1$str$ptr + 2697068\n14  libsystem_pthread.dylib             0x00000001962c32e4 _pthread_start + 136\n15  libsystem_pthread.dylib             0x00000001962be0fc thread_start + 8", "trace": "setup_driver = <selenium.webdriver.chrome.webdriver.WebDriver (session=\"3139178b28d7c51f23a5470c837d73d0\")>\n\n    def test_login_page_success(setup_driver):\n        login_page = LoginPage(setup_driver)\n        login_page.go_to()\n    \n        login_page.login(\"tohamindes@gmail.com\", \"Sukses111!!!\")\n    \n    \n        from selenium.webdriver.common.by import By\n        from selenium.webdriver.support.ui import WebDriverWait\n        from selenium.webdriver.support import expected_conditions as EC\n    \n>       WebDriverWait(setup_driver, 10).until(\n            EC.presence_of_element_located((By.XPATH, \"//div[@aria-label='Akun']\")))\n\ntests/test_login_page.py:16: \n_ _ _ _ _ _ _ _ _ _ _ _ _ _ _ _ _ _ _ _ _ _ _ _ _ _ _ _ _ _ _ _ _ _ _ _ _ _ _ _ _ _ _ _ _ _ _ _ _ _ _ _ _ _ _ _ _ _ _ _ _\n\nself = <selenium.webdriver.support.wait.WebDriverWait (session=\"3139178b28d7c51f23a5470c837d73d0\")>\nmethod = <function presence_of_element_located.<locals>._predicate at 0x105497740>, message = ''\n\n    def until(self, method: Callable[[D], Union[Literal[False], T]], message: str = \"\") -> T:\n        \"\"\"Wait until the method returns a value that is not False.\n    \n        Calls the method provided with the driver as an argument until the\n        return value does not evaluate to ``False``.\n    \n        Parameters:\n        -----------\n        method: callable(WebDriver)\n            - A callable object that takes a WebDriver instance as an argument.\n    \n        message: str\n            - Optional message for :exc:`TimeoutException`\n    \n        Return:\n        -------\n        object: T\n            - The result of the last call to `method`\n    \n        Raises:\n        -------\n        TimeoutException\n            - If 'method' does not return a truthy value within the WebDriverWait\n            object's timeout\n    \n        Example:\n        --------\n        >>> from selenium.webdriver.common.by import By\n        >>> from selenium.webdriver.support.ui import WebDriverWait\n        >>> from selenium.webdriver.support import expected_conditions as EC\n    \n        # Wait until an element is visible on the page\n        >>> wait = WebDriverWait(driver, 10)\n        >>> element = wait.until(EC.visibility_of_element_located((By.ID, \"exampleId\")))\n        >>> print(element.text)\n        \"\"\"\n        screen = None\n        stacktrace = None\n    \n        end_time = time.monotonic() + self._timeout\n        while True:\n            try:\n                value = method(self._driver)\n                if value:\n                    return value\n            except self._ignored_exceptions as exc:\n                screen = getattr(exc, \"screen\", None)\n                stacktrace = getattr(exc, \"stacktrace\", None)\n            if time.monotonic() > end_time:\n                break\n            time.sleep(self._poll)\n>       raise TimeoutException(message, screen, stacktrace)\nE       selenium.common.exceptions.TimeoutException: Message: \nE       Stacktrace:\nE       0   chromedriver                        0x0000000103183570 cxxbridge1$str$ptr + 2731064\nE       1   chromedriver                        0x000000010317b468 cxxbridge1$str$ptr + 2698032\nE       2   chromedriver                        0x0000000102cca3f8 cxxbridge1$string$len + 90664\nE       3   chromedriver                        0x0000000102d1171c cxxbridge1$string$len + 382284\nE       4   chromedriver                        0x0000000102d52b1c cxxbridge1$string$len + 649548\nE       5   chromedriver                        0x0000000102d05a0c cxxbridge1$string$len + 333884\nE       6   chromedriver                        0x00000001031465f4 cxxbridge1$str$ptr + 2481340\nE       7   chromedriver                        0x000000010314985c cxxbridge1$str$ptr + 2494244\nE       8   chromedriver                        0x0000000103127248 cxxbridge1$str$ptr + 2353424\nE       9   chromedriver                        0x000000010314a118 cxxbridge1$str$ptr + 2496480\nE       10  chromedriver                        0x00000001031182f8 cxxbridge1$str$ptr + 2292160\nE       11  chromedriver                        0x000000010316a00c cxxbridge1$str$ptr + 2627284\nE       12  chromedriver                        0x000000010316a198 cxxbridge1$str$ptr + 2627680\nE       13  chromedriver                        0x000000010317b0a4 cxxbridge1$str$ptr + 2697068\nE       14  libsystem_pthread.dylib             0x00000001962c32e4 _pthread_start + 136\nE       15  libsystem_pthread.dylib             0x00000001962be0fc thread_start + 8\n\n../../venv/lib/python3.13/site-packages/selenium/webdriver/support/wait.py:138: TimeoutException"}, "start": 1753503023546, "stop": 1753503034646, "uuid": "dd0f2a4a-263a-491c-a2cf-24b05184e097", "historyId": "0fba19649b3be51da50151d2fad5d0a0", "testCaseId": "0fba19649b3be51da50151d2fad5d0a0", "fullName": "tests.test_login_page#test_login_page_success", "labels": [{"name": "parentSuite", "value": "tests"}, {"name": "suite", "value": "test_login_page"}, {"name": "host", "value": "ahmads-MacBook-Pro.local"}, {"name": "thread", "value": "56328-MainThread"}, {"name": "framework", "value": "pytest"}, {"name": "language", "value": "cpython3"}, {"name": "package", "value": "tests.test_login_page"}], "titlePath": ["tests", "test_login_page.py"]}