{"name": "test_profile_page_success", "status": "failed", "statusDetails": {"message": "AssertionError: assert 'Profile' in 'Facebook'\n +  where 'Facebook' = <selenium.webdriver.chrome.webdriver.WebDriver (session=\"3a04554fc93b70effc7aec71b35ddd9f\")>.title", "trace": "logged_in_driver = <selenium.webdriver.chrome.webdriver.WebDriver (session=\"3a04554fc93b70effc7aec71b35ddd9f\")>\n\n    def test_profile_page_success(logged_in_driver):\n        driver = logged_in_driver\n        driver.get(\"https://www.facebook.com/profile\")\n>       assert \"Profile\" in driver.title\nE       assert 'Profile' in 'Facebook'\nE        +  where 'Facebook' = <selenium.webdriver.chrome.webdriver.WebDriver (session=\"3a04554fc93b70effc7aec71b35ddd9f\")>.title\n\ntests/test_profile_page.py:4: AssertionError"}, "start": 1753502477306, "stop": 1753502483571, "uuid": "fb8b867a-149c-4bd9-86b3-eb4b592b5a23", "historyId": "4d0c7c1aee50455ea4975641197e2c83", "testCaseId": "4d0c7c1aee50455ea4975641197e2c83", "fullName": "tests.test_profile_page#test_profile_page_success", "labels": [{"name": "parentSuite", "value": "tests"}, {"name": "suite", "value": "test_profile_page"}, {"name": "host", "value": "ahmads-MacBook-Pro.local"}, {"name": "thread", "value": "54511-MainThread"}, {"name": "framework", "value": "pytest"}, {"name": "language", "value": "cpython3"}, {"name": "package", "value": "tests.test_profile_page"}], "titlePath": ["tests", "test_profile_page.py"]}