{"name": "test_login_page_success", "status": "failed", "statusDetails": {"message": "AssertionError: assert 'Dashboard' in 'Facebook'\n +  where 'Facebook' = <selenium.webdriver.chrome.webdriver.WebDriver (session=\"e115a493ecdb02b3f30b95d35f2e6fc0\")>.title", "trace": "setup_driver = <selenium.webdriver.chrome.webdriver.WebDriver (session=\"e115a493ecdb02b3f30b95d35f2e6fc0\")>\n\n    def test_login_page_success(setup_driver):\n        login_page = LoginPage(setup_driver)\n        login_page.go_to()\n    \n        login_page.login(\"tohamindes@gmail.com\", \"Sukses111!!!\")\n    \n>       assert \"Dashboard\" in setup_driver.title\nE       assert 'Dashboard' in 'Facebook'\nE        +  where 'Facebook' = <selenium.webdriver.chrome.webdriver.WebDriver (session=\"e115a493ecdb02b3f30b95d35f2e6fc0\")>.title\n\ntests/test_login_page.py:9: AssertionError"}, "start": 1753487841712, "stop": 1753487845750, "uuid": "3971ec24-a1e0-4c5e-b28d-778fb22eba3e", "historyId": "0fba19649b3be51da50151d2fad5d0a0", "testCaseId": "0fba19649b3be51da50151d2fad5d0a0", "fullName": "tests.test_login_page#test_login_page_success", "labels": [{"name": "parentSuite", "value": "tests"}, {"name": "suite", "value": "test_login_page"}, {"name": "host", "value": "ahmads-MacBook-Pro.local"}, {"name": "thread", "value": "41859-MainThread"}, {"name": "framework", "value": "pytest"}, {"name": "language", "value": "cpython3"}, {"name": "package", "value": "tests.test_login_page"}], "titlePath": ["tests", "test_login_page.py"]}