{"name": "test_login_page_success", "status": "failed", "statusDetails": {"message": "AssertionError: Header tidak ditemukan\nassert 0 > 0\n +  where 0 = len([])", "trace": "setup_driver = <selenium.webdriver.chrome.webdriver.WebDriver (session=\"ff90e210ef7bac091086aad54c6fb65e\")>\n\n    def test_login_page_success(setup_driver):\n        login_page = LoginPage(setup_driver)\n        login_page.go_to()\n        login_page.login(\"tohamindes@gmail.com\", \"Sukses111!!!\")\n    \n        run_id = 17       # Ganti dengan Test Run ID aktif kamu\n        case_id = 2389      # Ganti dengan Test Case ID di TestRail\n    \n        from selenium.webdriver.common.by import By\n        from selenium.webdriver.support.ui import WebDriverWait\n        from selenium.webdriver.support import expected_conditions as EC\n    \n        try:\n            login_page = LoginPage(setup_driver)\n            login_page.go_to()\n            login_page.login(\"tohamindes@gmail.com\", \"Sukses111!!!\")\n    \n            WebDriverWait(setup_driver, 10).until(\n                EC.presence_of_element_located((By.TAG_NAME, \"body\")))\n    \n            home_headers = setup_driver.find_elements(By.XPATH, \"//div[@aria-label='']\")\n            print(\"Jumlah header 'Home':\", len(home_headers))\n            for header in home_headers:\n                print(\"Header ditemukan:\", header.text)\n    \n>           assert len(home_headers) > 0, \"Header tidak ditemukan\"\nE           AssertionError: Header tidak ditemukan\nE           assert 0 > 0\nE            +  where 0 = len([])\n\ntests/test_login_page.py:31: AssertionError"}, "attachments": [{"name": "stdout", "source": "c9cdf998-d834-4322-94f2-95bcb051915b-attachment.txt", "type": "text/plain"}], "start": 1754461262105, "stop": 1754461271322, "uuid": "ec8c4cc2-9c20-41b0-a6c9-1a421ba2afc1", "historyId": "0fba19649b3be51da50151d2fad5d0a0", "testCaseId": "0fba19649b3be51da50151d2fad5d0a0", "fullName": "tests.test_login_page#test_login_page_success", "labels": [{"name": "parentSuite", "value": "tests"}, {"name": "suite", "value": "test_login_page"}, {"name": "host", "value": "ahmads-MacBook-Pro.local"}, {"name": "thread", "value": "4994-MainThread"}, {"name": "framework", "value": "pytest"}, {"name": "language", "value": "cpython3"}, {"name": "package", "value": "tests.test_login_page"}], "titlePath": ["tests", "test_login_page.py"]}