<?xml version="1.0" encoding="utf-8"?><testsuites name="pytest tests"><testsuite name="pytest" errors="0" failures="1" skipped="0" tests="1" time="8.728" timestamp="2025-08-06T13:25:06.882628+07:00" hostname="ahmads-MacBook-Pro.local"><testcase classname="tests.test_login_page" name="test_login_page_success" time="8.662"><failure message="selenium.common.exceptions.NoSuchElementException: Message: no such element: Unable to locate element: {&quot;method&quot;:&quot;css selector&quot;,&quot;selector&quot;:&quot;[id=&quot;email&quot;]&quot;}&#10;  (Session info: chrome=138.0.7204.184); For documentation on this error, please visit: https://www.selenium.dev/documentation/webdriver/troubleshooting/errors#nosuchelementexception&#10;Stacktrace:&#10;0   chromedriver                        0x00000001029d7570 cxxbridge1$str$ptr + 2731064&#10;1   chromedriver                        0x00000001029cf468 cxxbridge1$str$ptr + 2698032&#10;2   chromedriver                        0x000000010251e3f8 cxxbridge1$string$len + 90664&#10;3   chromedriver                        0x000000010256571c cxxbridge1$string$len + 382284&#10;4   chromedriver                        0x00000001025a6b1c cxxbridge1$string$len + 649548&#10;5   chromedriver                        0x0000000102559a0c cxxbridge1$string$len + 333884&#10;6   chromedriver                        0x000000010299a5f4 cxxbridge1$str$ptr + 2481340&#10;7   chromedriver                        0x000000010299d85c cxxbridge1$str$ptr + 2494244&#10;8   chromedriver                        0x000000010297b248 cxxbridge1$str$ptr + 2353424&#10;9   chromedriver                        0x000000010299e118 cxxbridge1$str$ptr + 2496480&#10;10  chromedriver                        0x000000010296c2f8 cxxbridge1$str$ptr + 2292160&#10;11  chromedriver                        0x00000001029be00c cxxbridge1$str$ptr + 2627284&#10;12  chromedriver                        0x00000001029be198 cxxbridge1$str$ptr + 2627680&#10;13  chromedriver                        0x00000001029cf0a4 cxxbridge1$str$ptr + 2697068&#10;14  libsystem_pthread.dylib             0x000000018e7932e4 _pthread_start + 136&#10;15  libsystem_pthread.dylib             0x000000018e78e0fc thread_start + 8">setup_driver = &lt;selenium.webdriver.chrome.webdriver.WebDriver (session="70f6f7d8f15837441ebaa980fba6c8c6")&gt;

    def test_login_page_success(setup_driver):
        login_page = LoginPage(setup_driver)
        login_page.go_to()
        login_page.login("tohamindes@gmail.com", "Sukses111!!!")
    
        run_id = 17       # Ganti dengan Test Run ID aktif kamu
        case_id = 2389      # Ganti dengan Test Case ID di TestRail
    
        from selenium.webdriver.common.by import By
        from selenium.webdriver.support.ui import WebDriverWait
        from selenium.webdriver.support import expected_conditions as EC
    
        try:
            login_page = LoginPage(setup_driver)
            login_page.go_to()
&gt;           login_page.login("tohamindes@gmail.com", "Sukses111!!!")

tests/test_login_page.py:21: 
_ _ _ _ _ _ _ _ _ _ _ _ _ _ _ _ _ _ _ _ _ _ _ _ _ _ _ _ _ _ _ _ _ _ _ _ _ _ _ _ _ _ _ _ _ _ _ _ _ _ _ _ _ _ _ _ _ _ _ _ _ _ _ _ _ _ _ _ _ _ _ _ _ _ _ _ _ _ _ _ _ _ _ _ _ _ _ _ _ _ _ _ _ _ _ _ _
pages/login_page.py:13: in login
    username_field = self.driver.find_element(By.ID, "email")
                     ^^^^^^^^^^^^^^^^^^^^^^^^^^^^^^^^^^^^^^^^
venv/lib/python3.13/site-packages/selenium/webdriver/remote/webdriver.py:922: in find_element
    return self.execute(Command.FIND_ELEMENT, {"using": by, "value": value})["value"]
           ^^^^^^^^^^^^^^^^^^^^^^^^^^^^^^^^^^^^^^^^^^^^^^^^^^^^^^^^^^^^^^^^^
venv/lib/python3.13/site-packages/selenium/webdriver/remote/webdriver.py:454: in execute
    self.error_handler.check_response(response)
_ _ _ _ _ _ _ _ _ _ _ _ _ _ _ _ _ _ _ _ _ _ _ _ _ _ _ _ _ _ _ _ _ _ _ _ _ _ _ _ _ _ _ _ _ _ _ _ _ _ _ _ _ _ _ _ _ _ _ _ _ _ _ _ _ _ _ _ _ _ _ _ _ _ _ _ _ _ _ _ _ _ _ _ _ _ _ _ _ _ _ _ _ _ _ _ _

self = &lt;selenium.webdriver.remote.errorhandler.ErrorHandler object at 0x10308aba0&gt;
response = {'status': 404, 'value': '{"value":{"error":"no such element","message":"no such element: Unable to locate element: {\...00018e7932e4 _pthread_start + 136\\n15  libsystem_pthread.dylib             0x000000018e78e0fc thread_start + 8\\n"}}'}

    def check_response(self, response: dict[str, Any]) -&gt; None:
        """Checks that a JSON response from the WebDriver does not have an
        error.
    
        :Args:
         - response - The JSON response from the WebDriver server as a dictionary
           object.
    
        :Raises: If the response contains an error message.
        """
        status = response.get("status", None)
        if not status or status == ErrorCode.SUCCESS:
            return
        value = None
        message = response.get("message", "")
        screen: str = response.get("screen", "")
        stacktrace = None
        if isinstance(status, int):
            value_json = response.get("value", None)
            if value_json and isinstance(value_json, str):
                try:
                    value = json.loads(value_json)
                    if isinstance(value, dict):
                        if len(value) == 1:
                            value = value["value"]
                        status = value.get("error", None)
                        if not status:
                            status = value.get("status", ErrorCode.UNKNOWN_ERROR)
                            message = value.get("value") or value.get("message")
                            if not isinstance(message, str):
                                value = message
                                message = message.get("message")
                        else:
                            message = value.get("message", None)
                except ValueError:
                    pass
    
        exception_class: type[WebDriverException]
        e = ErrorCode()
        error_codes = [item for item in dir(e) if not item.startswith("__")]
        for error_code in error_codes:
            error_info = getattr(ErrorCode, error_code)
            if isinstance(error_info, list) and status in error_info:
                exception_class = getattr(ExceptionMapping, error_code, WebDriverException)
                break
        else:
            exception_class = WebDriverException
    
        if not value:
            value = response["value"]
        if isinstance(value, str):
            raise exception_class(value)
        if message == "" and "message" in value:
            message = value["message"]
    
        screen = None  # type: ignore[assignment]
        if "screen" in value:
            screen = value["screen"]
    
        stacktrace = None
        st_value = value.get("stackTrace") or value.get("stacktrace")
        if st_value:
            if isinstance(st_value, str):
                stacktrace = st_value.split("\n")
            else:
                stacktrace = []
                try:
                    for frame in st_value:
                        line = frame.get("lineNumber", "")
                        file = frame.get("fileName", "&lt;anonymous&gt;")
                        if line:
                            file = f"{file}:{line}"
                        meth = frame.get("methodName", "&lt;anonymous&gt;")
                        if "className" in frame:
                            meth = f"{frame['className']}.{meth}"
                        msg = "    at %s (%s)"
                        msg = msg % (meth, file)
                        stacktrace.append(msg)
                except TypeError:
                    pass
        if exception_class == UnexpectedAlertPresentException:
            alert_text = None
            if "data" in value:
                alert_text = value["data"].get("text")
            elif "alert" in value:
                alert_text = value["alert"].get("text")
            raise exception_class(message, screen, stacktrace, alert_text)  # type: ignore[call-arg]  # mypy is not smart enough here
&gt;       raise exception_class(message, screen, stacktrace)
E       selenium.common.exceptions.NoSuchElementException: Message: no such element: Unable to locate element: {"method":"css selector","selector":"[id="email"]"}
E         (Session info: chrome=138.0.7204.184); For documentation on this error, please visit: https://www.selenium.dev/documentation/webdriver/troubleshooting/errors#nosuchelementexception
E       Stacktrace:
E       0   chromedriver                        0x00000001029d7570 cxxbridge1$str$ptr + 2731064
E       1   chromedriver                        0x00000001029cf468 cxxbridge1$str$ptr + 2698032
E       2   chromedriver                        0x000000010251e3f8 cxxbridge1$string$len + 90664
E       3   chromedriver                        0x000000010256571c cxxbridge1$string$len + 382284
E       4   chromedriver                        0x00000001025a6b1c cxxbridge1$string$len + 649548
E       5   chromedriver                        0x0000000102559a0c cxxbridge1$string$len + 333884
E       6   chromedriver                        0x000000010299a5f4 cxxbridge1$str$ptr + 2481340
E       7   chromedriver                        0x000000010299d85c cxxbridge1$str$ptr + 2494244
E       8   chromedriver                        0x000000010297b248 cxxbridge1$str$ptr + 2353424
E       9   chromedriver                        0x000000010299e118 cxxbridge1$str$ptr + 2496480
E       10  chromedriver                        0x000000010296c2f8 cxxbridge1$str$ptr + 2292160
E       11  chromedriver                        0x00000001029be00c cxxbridge1$str$ptr + 2627284
E       12  chromedriver                        0x00000001029be198 cxxbridge1$str$ptr + 2627680
E       13  chromedriver                        0x00000001029cf0a4 cxxbridge1$str$ptr + 2697068
E       14  libsystem_pthread.dylib             0x000000018e7932e4 _pthread_start + 136
E       15  libsystem_pthread.dylib             0x000000018e78e0fc thread_start + 8

venv/lib/python3.13/site-packages/selenium/webdriver/remote/errorhandler.py:232: NoSuchElementException</failure></testcase></testsuite></testsuites>